Using pre-set license
Built from '2021.1/release' branch; Version is '2021.1.0f1 (61a549675243) revision 6399305'; Using compiler version '192528614'; Build Type 'Release'
OS: 'Windows 10 Home; OS build 19041.867; Version 2004; 64bit' Language: 'ru' Physical Memory: 15993 MB
BatchMode: 1, IsHumanControllingUs: 0, StartBugReporterOnCrash: 0, Is64bit: 1, IsPro: 0

 COMMAND LINE ARGUMENTS:
C:\Program Files\Unity\Hub\Editor\2021.1.0f1\Editor\Unity.exe
-adb2
-batchMode
-noUpm
-name
AssetImportWorker1
-projectPath
C:/Users/oryeo/Desktop/Artyom/Git_Storage2/Sniper/Sniper Game
-logFile
Logs/AssetImportWorker1.log
-srvPort
59234
Successfully changed project path to: C:/Users/oryeo/Desktop/Artyom/Git_Storage2/Sniper/Sniper Game
C:/Users/oryeo/Desktop/Artyom/Git_Storage2/Sniper/Sniper Game
Using Asset Import Pipeline V2.
Refreshing native plugins compatible for Editor in 111.78 ms, found 1 plugins.
Preloading 0 native plugins for Editor in 0.00 ms.
Initialize engine version: 2021.1.0f1 (61a549675243)
[Subsystems] Discovering subsystems at path C:/Program Files/Unity/Hub/Editor/2021.1.0f1/Editor/Data/Resources/UnitySubsystems
[Subsystems] Discovering subsystems at path C:/Users/oryeo/Desktop/Artyom/Git_Storage2/Sniper/Sniper Game/Assets
GfxDevice: creating device client; threaded=0; jobified=0
Direct3D:
    Version:  Direct3D 11.0 [level 11.0]
    Renderer: NVIDIA Quadro K2100M (ID=0x11fc)
    Vendor:   NVIDIA
    VRAM:     2009 MB
    Driver:   24.21.13.9836
Initialize mono
Mono path[0] = 'C:/Program Files/Unity/Hub/Editor/2021.1.0f1/Editor/Data/Managed'
Mono path[1] = 'C:/Program Files/Unity/Hub/Editor/2021.1.0f1/Editor/Data/MonoBleedingEdge/lib/mono/unityjit'
Mono config path = 'C:/Program Files/Unity/Hub/Editor/2021.1.0f1/Editor/Data/MonoBleedingEdge/etc'
Using monoOptions --debugger-agent=transport=dt_socket,embedding=1,server=y,suspend=n,address=127.0.0.1:56692
Begin MonoManager ReloadAssembly
Registering precompiled unity dll's ...
Register platform support module: C:/Program Files/Unity/Hub/Editor/2021.1.0f1/Editor/Data/PlaybackEngines/WebGLSupport/UnityEditor.WebGL.Extensions.dll
Register platform support module: C:/Program Files/Unity/Hub/Editor/2021.1.0f1/Editor/Data/PlaybackEngines/MacStandaloneSupport/UnityEditor.OSXStandalone.Extensions.dll
Register platform support module: C:/Program Files/Unity/Hub/Editor/2021.1.0f1/Editor/Data/PlaybackEngines/WindowsStandaloneSupport/UnityEditor.WindowsStandalone.Extensions.dll
Registered in 0.002970 seconds.
Native extension for WindowsStandalone target not found
Native extension for OSXStandalone target not found
Native extension for WebGL target not found
Refreshing native plugins compatible for Editor in 140.60 ms, found 1 plugins.
Preloading 0 native plugins for Editor in 0.00 ms.
Mono: successfully reloaded assembly
- Completed reload, in  3.293 seconds
Platform modules already initialized, skipping
Registering precompiled user dll's ...
Registered in 0.004250 seconds.
Begin MonoManager ReloadAssembly
Native extension for WindowsStandalone target not found
Native extension for OSXStandalone target not found
Native extension for WebGL target not found
Refreshing native plugins compatible for Editor in 1.59 ms, found 1 plugins.
Preloading 0 native plugins for Editor in 0.00 ms.
Mono: successfully reloaded assembly
- Completed reload, in  1.390 seconds
Platform modules already initialized, skipping
========================================================================
Worker process is ready to serve import requests
Launched and connected shader compiler UnityShaderCompiler.exe after 0.05 seconds
Refreshing native plugins compatible for Editor in 0.65 ms, found 1 plugins.
Preloading 0 native plugins for Editor in 0.00 ms.
Unloading 2709 Unused Serialized files (Serialized files now loaded: 0)
System memory in use before: 111.5 MB.
System memory in use after: 111.7 MB.

Unloading 14 unused Assets to reduce memory usage. Loaded Objects now: 3184.
Total: 2.785800 ms (FindLiveObjects: 0.306700 ms CreateObjectMapping: 0.179400 ms MarkObjects: 2.211500 ms  DeleteObjects: 0.086300 ms)

========================================================================
Received Import Request.
  path: Assets/Prefabs/Island/Tower.prefab
  artifactKey: Guid(0796dbc667424524c8df8b1ad01e7fdd) Importer(815301076,1909f56bfc062723c751e8b465ee728b)
Start importing Assets/Prefabs/Island/Tower.prefab using Guid(0796dbc667424524c8df8b1ad01e7fdd) Importer(815301076,1909f56bfc062723c751e8b465ee728b)  -> (artifact id: '2c1aabf47b8f833564376761a5523cb6') in 0.115405 seconds 
========================================================================
Received Prepare
Registering precompiled user dll's ...
Registered in 0.003916 seconds.
Begin MonoManager ReloadAssembly
Native extension for WindowsStandalone target not found
Native extension for OSXStandalone target not found
Native extension for WebGL target not found
Refreshing native plugins compatible for Editor in 0.72 ms, found 1 plugins.
Preloading 0 native plugins for Editor in 0.00 ms.
Mono: successfully reloaded assembly
- Completed reload, in  1.318 seconds
Platform modules already initialized, skipping
Refreshing native plugins compatible for Editor in 0.67 ms, found 1 plugins.
Preloading 0 native plugins for Editor in 0.00 ms.
Unloading 2703 Unused Serialized files (Serialized files now loaded: 0)
System memory in use before: 115.1 MB.
System memory in use after: 115.3 MB.

Unloading 10 unused Assets to reduce memory usage. Loaded Objects now: 3196.
Total: 2.803200 ms (FindLiveObjects: 0.260800 ms CreateObjectMapping: 0.127500 ms MarkObjects: 2.393600 ms  DeleteObjects: 0.020200 ms)

========================================================================
Received Prepare
Registering precompiled user dll's ...
Registered in 0.003261 seconds.
Begin MonoManager ReloadAssembly
Native extension for WindowsStandalone target not found
Native extension for OSXStandalone target not found
Native extension for WebGL target not found
Refreshing native plugins compatible for Editor in 0.64 ms, found 1 plugins.
Preloading 0 native plugins for Editor in 0.00 ms.
Mono: successfully reloaded assembly
- Completed reload, in  1.357 seconds
Platform modules already initialized, skipping
Refreshing native plugins compatible for Editor in 0.80 ms, found 1 plugins.
Preloading 0 native plugins for Editor in 0.00 ms.
Unloading 2703 Unused Serialized files (Serialized files now loaded: 0)
System memory in use before: 115.1 MB.
System memory in use after: 115.3 MB.

Unloading 9 unused Assets to reduce memory usage. Loaded Objects now: 3199.
Total: 3.189500 ms (FindLiveObjects: 0.293400 ms CreateObjectMapping: 0.175900 ms MarkObjects: 2.698400 ms  DeleteObjects: 0.020500 ms)

========================================================================
Received Import Request.
  Time since last request: 1166.661590 seconds.
  path: Assets/Prefabs
  artifactKey: Guid(618b5429d6627e941ba37c6b925347cf) Importer(815301076,1909f56bfc062723c751e8b465ee728b)
Start importing Assets/Prefabs using Guid(618b5429d6627e941ba37c6b925347cf) Importer(815301076,1909f56bfc062723c751e8b465ee728b)  -> (artifact id: 'f052cff995cb83ba7c1db5c175154dcd') in 0.015048 seconds 
========================================================================
Received Import Request.
  Time since last request: 2.718965 seconds.
  path: Assets
  artifactKey: Guid(00000000000000001000000000000000) Importer(815301076,1909f56bfc062723c751e8b465ee728b)
Start importing Assets using Guid(00000000000000001000000000000000) Importer(815301076,1909f56bfc062723c751e8b465ee728b)  -> (artifact id: 'c1e3b0d4d28e3570eb9237b2a8027d38') in 0.021036 seconds 
========================================================================
Received Import Request.
  Time since last request: 11.699222 seconds.
  path: Assets/Leg.fbx
  artifactKey: Guid(18f492d0f8b9c914cb94cf7ad6dd514c) Importer(815301076,1909f56bfc062723c751e8b465ee728b)
Start importing Assets/Leg.fbx using Guid(18f492d0f8b9c914cb94cf7ad6dd514c) Importer(815301076,1909f56bfc062723c751e8b465ee728b)  -> (artifact id: '242b2486f6418025550376f333807180') in 0.163070 seconds 
========================================================================
Received Import Request.
  Time since last request: 49.691828 seconds.
  path: Assets/Arm.fbx
  artifactKey: Guid(487aaea5872aee24c80d79601826ad8c) Importer(815301076,1909f56bfc062723c751e8b465ee728b)
Start importing Assets/Arm.fbx using Guid(487aaea5872aee24c80d79601826ad8c) Importer(815301076,1909f56bfc062723c751e8b465ee728b)  -> (artifact id: '7748d4e7136e1ac89ffcdac5d364b357') in 0.027010 seconds 
========================================================================
Received Import Request.
  Time since last request: 78.177272 seconds.
  path: Assets/Head.fbx
  artifactKey: Guid(7556446351ad76e4bb9082ed740b6d9d) Importer(815301076,1909f56bfc062723c751e8b465ee728b)
Start importing Assets/Head.fbx using Guid(7556446351ad76e4bb9082ed740b6d9d) Importer(815301076,1909f56bfc062723c751e8b465ee728b)  -> (artifact id: '8d4e1b9cd42988bc99a205c8b66462c4') in 0.034234 seconds 
========================================================================
Received Import Request.
  Time since last request: 377.010349 seconds.
  path: Assets/Head.fbx
  artifactKey: Guid(7556446351ad76e4bb9082ed740b6d9d) Importer(815301076,1909f56bfc062723c751e8b465ee728b)
Start importing Assets/Head.fbx using Guid(7556446351ad76e4bb9082ed740b6d9d) Importer(815301076,1909f56bfc062723c751e8b465ee728b)  -> (artifact id: 'a41d95c9877c19038828da8ba687925b') in 0.373519 seconds 
========================================================================
Received Import Request.
  Time since last request: 56.477774 seconds.
  path: Assets/HeadObj.obj
  artifactKey: Guid(8f006211c46dd25488a1591ee4ce38f2) Importer(815301076,1909f56bfc062723c751e8b465ee728b)
Start importing Assets/HeadObj.obj using Guid(8f006211c46dd25488a1591ee4ce38f2) Importer(815301076,1909f56bfc062723c751e8b465ee728b)  -> (artifact id: 'bae7035a11b2ebe93256078102f7d882') in 0.036724 seconds 
========================================================================
Received Import Request.
  Time since last request: 50.464205 seconds.
  path: Assets/HeadDae.dae
  artifactKey: Guid(93eba9928467bb04e8709bfc2ffd5114) Importer(815301076,1909f56bfc062723c751e8b465ee728b)
Start importing Assets/HeadDae.dae using Guid(93eba9928467bb04e8709bfc2ffd5114) Importer(815301076,1909f56bfc062723c751e8b465ee728b)  -> (artifact id: '48723cb50038dd291989ffa0e33634dd') in 0.043934 seconds 
========================================================================
Received Import Request.
  Time since last request: 249.510616 seconds.
  path: Assets/LegDae.dae
  artifactKey: Guid(f647c855ebb6b444f9bc527f7e195f96) Importer(815301076,1909f56bfc062723c751e8b465ee728b)
Start importing Assets/LegDae.dae using Guid(f647c855ebb6b444f9bc527f7e195f96) Importer(815301076,1909f56bfc062723c751e8b465ee728b)  -> (artifact id: '922d3d0e078c7df1cf1a726b5fba642d') in 0.088523 seconds 
========================================================================
Received Import Request.
  Time since last request: 54.879541 seconds.
  path: Assets/ModelsDAE
  artifactKey: Guid(e4ea4b7afafa2d546a93053f338d32c4) Importer(815301076,1909f56bfc062723c751e8b465ee728b)
Start importing Assets/ModelsDAE using Guid(e4ea4b7afafa2d546a93053f338d32c4) Importer(815301076,1909f56bfc062723c751e8b465ee728b)  -> (artifact id: 'e999e270b38f23406b8c93aa5bff4747') in 0.009581 seconds 
========================================================================
Received Import Request.
  Time since last request: 18.380172 seconds.
  path: Assets/ModelsDAE/_HumanModel_1.fbx
  artifactKey: Guid(e90cb483e08482b4d88bc3bbf23c3c30) Importer(815301076,1909f56bfc062723c751e8b465ee728b)
Start importing Assets/ModelsDAE/_HumanModel_1.fbx using Guid(e90cb483e08482b4d88bc3bbf23c3c30) Importer(815301076,1909f56bfc062723c751e8b465ee728b)  -> (artifact id: '05c4b533561d30a8ee951153051d3ff3') in 0.074627 seconds 
========================================================================
Received Import Request.
  Time since last request: 1.418320 seconds.
  path: Assets/ModelsDAE/ArmDae.dae
  artifactKey: Guid(71cf368e4f668f244a98877af9dfe277) Importer(815301076,1909f56bfc062723c751e8b465ee728b)
Start importing Assets/ModelsDAE/ArmDae.dae using Guid(71cf368e4f668f244a98877af9dfe277) Importer(815301076,1909f56bfc062723c751e8b465ee728b)  -> (artifact id: 'b0d389de22795f9ce1e01518ac8e7de2') in 0.029893 seconds 
========================================================================
Received Import Request.
  Time since last request: 109.384300 seconds.
  path: Assets/ModelsDAE/BodyDae.dae
  artifactKey: Guid(f2eca6e43a4f3b6469c11ee9b0c9ac13) Importer(815301076,1909f56bfc062723c751e8b465ee728b)
Start importing Assets/ModelsDAE/BodyDae.dae using Guid(f2eca6e43a4f3b6469c11ee9b0c9ac13) Importer(815301076,1909f56bfc062723c751e8b465ee728b)  -> (artifact id: 'cc24aad2963f926bbee6898ec51c3fe5') in 0.027290 seconds 
========================================================================
Received Import Request.
  Time since last request: 217.438091 seconds.
  path: Assets/ModelsDAE/_HumanModel_1.fbx
  artifactKey: Guid(e90cb483e08482b4d88bc3bbf23c3c30) Importer(815301076,1909f56bfc062723c751e8b465ee728b)
Start importing Assets/ModelsDAE/_HumanModel_1.fbx using Guid(e90cb483e08482b4d88bc3bbf23c3c30) Importer(815301076,1909f56bfc062723c751e8b465ee728b)  -> (artifact id: '5c0eff2592bba0195b79119499a202f9') in 0.055757 seconds 
========================================================================
Received Import Request.
  Time since last request: 73.622088 seconds.
  path: Assets/ModelsDAE/ArmDae.dae
  artifactKey: Guid(71cf368e4f668f244a98877af9dfe277) Importer(815301076,1909f56bfc062723c751e8b465ee728b)
Start importing Assets/ModelsDAE/ArmDae.dae using Guid(71cf368e4f668f244a98877af9dfe277) Importer(815301076,1909f56bfc062723c751e8b465ee728b)  -> (artifact id: 'ec6d2f81c5ad930a1c818adda950fb50') in 0.025739 seconds 
========================================================================
Received Import Request.
  Time since last request: 47.061608 seconds.
  path: Assets/ModelsDAE/ArmDae.dae
  artifactKey: Guid(71cf368e4f668f244a98877af9dfe277) Importer(815301076,1909f56bfc062723c751e8b465ee728b)
Start importing Assets/ModelsDAE/ArmDae.dae using Guid(71cf368e4f668f244a98877af9dfe277) Importer(815301076,1909f56bfc062723c751e8b465ee728b)  -> (artifact id: '0beb36a4a2612c21514e1b8a8040be64') in 0.031954 seconds 
========================================================================
Received Import Request.
  Time since last request: 42.479713 seconds.
  path: Assets/ModelsDAE/_HumanModel_1.fbx
  artifactKey: Guid(e90cb483e08482b4d88bc3bbf23c3c30) Importer(815301076,1909f56bfc062723c751e8b465ee728b)
Start importing Assets/ModelsDAE/_HumanModel_1.fbx using Guid(e90cb483e08482b4d88bc3bbf23c3c30) Importer(815301076,1909f56bfc062723c751e8b465ee728b)  -> (artifact id: '52fd168d5e7f600d3e6a6e6547621e51') in 0.052932 seconds 
========================================================================
Received Import Request.
  Time since last request: 30.422909 seconds.
  path: Assets/ModelsDAE/_HumanModel_1.fbx
  artifactKey: Guid(e90cb483e08482b4d88bc3bbf23c3c30) Importer(815301076,1909f56bfc062723c751e8b465ee728b)
Start importing Assets/ModelsDAE/_HumanModel_1.fbx using Guid(e90cb483e08482b4d88bc3bbf23c3c30) Importer(815301076,1909f56bfc062723c751e8b465ee728b)  -> (artifact id: '8b40ea9f4937c6e00f40501ed600bdae') in 0.050945 seconds 
========================================================================
Received Import Request.
  Time since last request: 22.271043 seconds.
  path: Assets/ModelsDAE/Character.prefab
  artifactKey: Guid(9d6d2a7c3d1019545968b57a1df77ab3) Importer(815301076,1909f56bfc062723c751e8b465ee728b)
Start importing Assets/ModelsDAE/Character.prefab using Guid(9d6d2a7c3d1019545968b57a1df77ab3) Importer(815301076,1909f56bfc062723c751e8b465ee728b)  -> (artifact id: '6607678bdea01fc59d95f4b10212519c') in 0.023099 seconds 
========================================================================
Received Import Request.
  Time since last request: 73.198470 seconds.
  path: Assets/LegDae.dae
  artifactKey: Guid(6c1528f469a40394c872a20e28dbd535) Importer(815301076,1909f56bfc062723c751e8b465ee728b)
Start importing Assets/LegDae.dae using Guid(6c1528f469a40394c872a20e28dbd535) Importer(815301076,1909f56bfc062723c751e8b465ee728b)  -> (artifact id: '49bba56de92677880dab3af0d8dd9913') in 0.058870 seconds 
========================================================================
Received Import Request.
  Time since last request: 1.838042 seconds.
  path: Assets/ArmDae.dae
  artifactKey: Guid(6ccc0fb743c466f4498ea9915ef03c80) Importer(815301076,1909f56bfc062723c751e8b465ee728b)
Start importing Assets/ArmDae.dae using Guid(6ccc0fb743c466f4498ea9915ef03c80) Importer(815301076,1909f56bfc062723c751e8b465ee728b)  -> (artifact id: '5913562ae0b5608a7e005ac74b3c5fbd') in 0.023920 seconds 
========================================================================
Received Import Request.
  Time since last request: 3.132108 seconds.
  path: Assets/BodyDae.dae
  artifactKey: Guid(4cc833b33b58fde479087bfcacff4d3e) Importer(815301076,1909f56bfc062723c751e8b465ee728b)
Start importing Assets/BodyDae.dae using Guid(4cc833b33b58fde479087bfcacff4d3e) Importer(815301076,1909f56bfc062723c751e8b465ee728b)  -> (artifact id: '121944afc4205d8987b6cf39f5ee0589') in 0.028633 seconds 
========================================================================
Received Import Request.
  Time since last request: 29.362118 seconds.
  path: Assets/HeadDae.dae
  artifactKey: Guid(eadd3daa0c9b8864e9e8bee98f090e1e) Importer(815301076,1909f56bfc062723c751e8b465ee728b)
Start importing Assets/HeadDae.dae using Guid(eadd3daa0c9b8864e9e8bee98f090e1e) Importer(815301076,1909f56bfc062723c751e8b465ee728b)  -> (artifact id: 'fca54d73b09a25cc5be085d22cce5c18') in 0.051894 seconds 
========================================================================
Received Import Request.
  Time since last request: 70.528402 seconds.
  path: Assets/ModelsDAE/Character.prefab
  artifactKey: Guid(9d6d2a7c3d1019545968b57a1df77ab3) Importer(815301076,1909f56bfc062723c751e8b465ee728b)
Start importing Assets/ModelsDAE/Character.prefab using Guid(9d6d2a7c3d1019545968b57a1df77ab3) Importer(815301076,1909f56bfc062723c751e8b465ee728b)  -> (artifact id: '3ba87f798ac43643982d3b0101839924') in 0.013122 seconds 
========================================================================
Received Import Request.
  Time since last request: 68.403890 seconds.
  path: Assets/ModelsDAE/_HumanModel_1.fbx
  artifactKey: Guid(e90cb483e08482b4d88bc3bbf23c3c30) Importer(815301076,1909f56bfc062723c751e8b465ee728b)
Start importing Assets/ModelsDAE/_HumanModel_1.fbx using Guid(e90cb483e08482b4d88bc3bbf23c3c30) Importer(815301076,1909f56bfc062723c751e8b465ee728b)  -> (artifact id: 'de8fa1a5fab1a0927346cd77c331c494') in 0.091052 seconds 
========================================================================
Received Import Request.
  Time since last request: 219.842328 seconds.
  path: Assets/ModelsDAE/_HumanModel_1.fbx
  artifactKey: Guid(e90cb483e08482b4d88bc3bbf23c3c30) Importer(815301076,1909f56bfc062723c751e8b465ee728b)
Start importing Assets/ModelsDAE/_HumanModel_1.fbx using Guid(e90cb483e08482b4d88bc3bbf23c3c30) Importer(815301076,1909f56bfc062723c751e8b465ee728b)  -> (artifact id: '446161fd71750fefe31309cbd4c94962') in 0.050236 seconds 
========================================================================
Received Import Request.
  Time since last request: 155.229514 seconds.
  path: Assets/ModelsDAE/_HumanModel_1.fbx
  artifactKey: Guid(e90cb483e08482b4d88bc3bbf23c3c30) Importer(815301076,1909f56bfc062723c751e8b465ee728b)
Start importing Assets/ModelsDAE/_HumanModel_1.fbx using Guid(e90cb483e08482b4d88bc3bbf23c3c30) Importer(815301076,1909f56bfc062723c751e8b465ee728b)  -> (artifact id: 'ef45fdc40c9f6b4f677fcfcc996669e2') in 0.054671 seconds 
========================================================================
Received Import Request.
  Time since last request: 85.640887 seconds.
  path: Assets/ModelsDAE/aRMS.fbx
  artifactKey: Guid(22b5d463a566c4746856e79791070f6a) Importer(815301076,1909f56bfc062723c751e8b465ee728b)
Start importing Assets/ModelsDAE/aRMS.fbx using Guid(22b5d463a566c4746856e79791070f6a) Importer(815301076,1909f56bfc062723c751e8b465ee728b)  -> (artifact id: '67fdeef9d6434256bf67a0ec146251c2') in 0.026768 seconds 
========================================================================
Received Import Request.
  Time since last request: 40.113304 seconds.
  path: Assets/ModelsDAE/aRMS.fbx
  artifactKey: Guid(22b5d463a566c4746856e79791070f6a) Importer(815301076,1909f56bfc062723c751e8b465ee728b)
Start importing Assets/ModelsDAE/aRMS.fbx using Guid(22b5d463a566c4746856e79791070f6a) Importer(815301076,1909f56bfc062723c751e8b465ee728b)  -> (artifact id: 'e2a54769c37f0ee3f8ac6b84c77d714f') in 0.032392 seconds 
========================================================================
Received Import Request.
  Time since last request: 9.471256 seconds.
  path: Assets/ModelsDAE/_HumanModel_1.fbx
  artifactKey: Guid(e90cb483e08482b4d88bc3bbf23c3c30) Importer(815301076,1909f56bfc062723c751e8b465ee728b)
Start importing Assets/ModelsDAE/_HumanModel_1.fbx using Guid(e90cb483e08482b4d88bc3bbf23c3c30) Importer(815301076,1909f56bfc062723c751e8b465ee728b)  -> (artifact id: 'ec50d765b2f1952da9137313ec3868f3') in 0.054089 seconds 
========================================================================
Received Prepare
Registering precompiled user dll's ...
Registered in 0.005759 seconds.
Begin MonoManager ReloadAssembly
Native extension for WindowsStandalone target not found
Native extension for OSXStandalone target not found
Native extension for WebGL target not found
Refreshing native plugins compatible for Editor in 0.70 ms, found 1 plugins.
Preloading 0 native plugins for Editor in 0.00 ms.
Mono: successfully reloaded assembly
- Completed reload, in  1.254 seconds
Platform modules already initialized, skipping
Refreshing native plugins compatible for Editor in 0.72 ms, found 1 plugins.
Preloading 0 native plugins for Editor in 0.00 ms.
Unloading 2703 Unused Serialized files (Serialized files now loaded: 0)
System memory in use before: 115.7 MB.
System memory in use after: 116.0 MB.

Unloading 9 unused Assets to reduce memory usage. Loaded Objects now: 3239.
Total: 4.090600 ms (FindLiveObjects: 0.590400 ms CreateObjectMapping: 0.352400 ms MarkObjects: 3.119100 ms  DeleteObjects: 0.026400 ms)

AssetImportWorkerClient::OnTransportError - code=2 error=End of file
