Using pre-set license
Built from '2021.1/release' branch; Version is '2021.1.0f1 (61a549675243) revision 6399305'; Using compiler version '192528614'; Build Type 'Release'
OS: 'Windows 10 Pro; OS build 19042.746; Version 2009; 64bit' Language: 'en' Physical Memory: 16319 MB
BatchMode: 1, IsHumanControllingUs: 0, StartBugReporterOnCrash: 0, Is64bit: 1, IsPro: 0

 COMMAND LINE ARGUMENTS:
C:\Program Files\Unity\Hub\Editor\2021.1.0f1\Editor\Unity.exe
-adb2
-batchMode
-noUpm
-name
AssetImportWorker0
-projectPath
D:/GayStudy/Git_Storage/Sniper/Sniper Game
-logFile
Logs/AssetImportWorker0.log
-srvPort
59250
Successfully changed project path to: D:/GayStudy/Git_Storage/Sniper/Sniper Game
D:/GayStudy/Git_Storage/Sniper/Sniper Game
Using Asset Import Pipeline V2.
Refreshing native plugins compatible for Editor in 81.52 ms, found 1 plugins.
Preloading 0 native plugins for Editor in 0.00 ms.
Initialize engine version: 2021.1.0f1 (61a549675243)
[Subsystems] Discovering subsystems at path C:/Program Files/Unity/Hub/Editor/2021.1.0f1/Editor/Data/Resources/UnitySubsystems
[Subsystems] Discovering subsystems at path D:/GayStudy/Git_Storage/Sniper/Sniper Game/Assets
GfxDevice: creating device client; threaded=0; jobified=0
Direct3D:
    Version:  Direct3D 11.0 [level 11.1]
    Renderer: NVIDIA GeForce GTX 1660 Ti (ID=0x2182)
    Vendor:   NVIDIA
    VRAM:     5991 MB
    Driver:   27.21.14.6611
Initialize mono
Mono path[0] = 'C:/Program Files/Unity/Hub/Editor/2021.1.0f1/Editor/Data/Managed'
Mono path[1] = 'C:/Program Files/Unity/Hub/Editor/2021.1.0f1/Editor/Data/MonoBleedingEdge/lib/mono/unityjit'
Mono config path = 'C:/Program Files/Unity/Hub/Editor/2021.1.0f1/Editor/Data/MonoBleedingEdge/etc'
Using monoOptions --debugger-agent=transport=dt_socket,embedding=1,server=y,suspend=n,address=127.0.0.1:56964
Begin MonoManager ReloadAssembly
Registering precompiled unity dll's ...
Register platform support module: C:/Program Files/Unity/Hub/Editor/2021.1.0f1/Editor/Data/PlaybackEngines/WebGLSupport/UnityEditor.WebGL.Extensions.dll
Register platform support module: C:/Program Files/Unity/Hub/Editor/2021.1.0f1/Editor/Data/PlaybackEngines/MacStandaloneSupport/UnityEditor.OSXStandalone.Extensions.dll
Register platform support module: C:/Program Files/Unity/Hub/Editor/2021.1.0f1/Editor/Data/PlaybackEngines/WindowsStandaloneSupport/UnityEditor.WindowsStandalone.Extensions.dll
Registered in 0.002564 seconds.
Native extension for WindowsStandalone target not found
Native extension for OSXStandalone target not found
Native extension for WebGL target not found
Refreshing native plugins compatible for Editor in 85.42 ms, found 1 plugins.
Preloading 0 native plugins for Editor in 0.00 ms.
Mono: successfully reloaded assembly
- Completed reload, in  1.891 seconds
Platform modules already initialized, skipping
Registering precompiled user dll's ...
Registered in 0.002556 seconds.
Begin MonoManager ReloadAssembly
Native extension for WindowsStandalone target not found
Native extension for OSXStandalone target not found
Native extension for WebGL target not found
Refreshing native plugins compatible for Editor in 0.47 ms, found 1 plugins.
Preloading 0 native plugins for Editor in 0.00 ms.
Mono: successfully reloaded assembly
- Completed reload, in  0.993 seconds
Platform modules already initialized, skipping
========================================================================
Worker process is ready to serve import requests
Launched and connected shader compiler UnityShaderCompiler.exe after 0.06 seconds
Refreshing native plugins compatible for Editor in 0.47 ms, found 1 plugins.
Preloading 0 native plugins for Editor in 0.00 ms.
Unloading 2709 Unused Serialized files (Serialized files now loaded: 0)
System memory in use before: 99.5 MB.
System memory in use after: 99.7 MB.

Unloading 13 unused Assets to reduce memory usage. Loaded Objects now: 3166.
Total: 1.985800 ms (FindLiveObjects: 0.220700 ms CreateObjectMapping: 0.066600 ms MarkObjects: 1.679400 ms  DeleteObjects: 0.018200 ms)

========================================================================
Received Import Request.
  path: Assets/Scripts/Gameplay/Shoting/Shot.cs
  artifactKey: Guid(60fecd6dd1d854e41bb8958d9baba71e) Importer(815301076,1909f56bfc062723c751e8b465ee728b)
Start importing Assets/Scripts/Gameplay/Shoting/Shot.cs using Guid(60fecd6dd1d854e41bb8958d9baba71e) Importer(815301076,1909f56bfc062723c751e8b465ee728b)  -> (artifact id: 'd35cddad77b40156ce4bf04b7bc90ac5') in 0.028944 seconds 
========================================================================
Received Import Request.
  Time since last request: 31.826701 seconds.
  path: Assets/Prefabs/Weapon/Bullet.prefab
  artifactKey: Guid(ff26a2ac919fcd343a38e4887db43e28) Importer(815301076,1909f56bfc062723c751e8b465ee728b)
Start importing Assets/Prefabs/Weapon/Bullet.prefab using Guid(ff26a2ac919fcd343a38e4887db43e28) Importer(815301076,1909f56bfc062723c751e8b465ee728b)  -> (artifact id: '91ef2dbba95da4f07f1eac903a123c0b') in 0.334253 seconds 
========================================================================
Received Prepare
Registering precompiled user dll's ...
Registered in 0.002538 seconds.
Begin MonoManager ReloadAssembly
Native extension for WindowsStandalone target not found
Native extension for OSXStandalone target not found
Native extension for WebGL target not found
Refreshing native plugins compatible for Editor in 0.63 ms, found 1 plugins.
Preloading 0 native plugins for Editor in 0.00 ms.
Mono: successfully reloaded assembly
- Completed reload, in  0.950 seconds
Platform modules already initialized, skipping
Refreshing native plugins compatible for Editor in 0.49 ms, found 1 plugins.
Preloading 0 native plugins for Editor in 0.00 ms.
Unloading 2703 Unused Serialized files (Serialized files now loaded: 0)
System memory in use before: 103.1 MB.
System memory in use after: 103.4 MB.

Unloading 10 unused Assets to reduce memory usage. Loaded Objects now: 3177.
Total: 2.463400 ms (FindLiveObjects: 0.234200 ms CreateObjectMapping: 0.067900 ms MarkObjects: 2.141000 ms  DeleteObjects: 0.019300 ms)

========================================================================
Received Prepare
Registering precompiled user dll's ...
Registered in 0.002523 seconds.
Begin MonoManager ReloadAssembly
Native extension for WindowsStandalone target not found
Native extension for OSXStandalone target not found
Native extension for WebGL target not found
Refreshing native plugins compatible for Editor in 0.68 ms, found 1 plugins.
Preloading 0 native plugins for Editor in 0.00 ms.
Mono: successfully reloaded assembly
- Completed reload, in  1.062 seconds
Platform modules already initialized, skipping
Refreshing native plugins compatible for Editor in 0.56 ms, found 1 plugins.
Preloading 0 native plugins for Editor in 0.00 ms.
Unloading 2703 Unused Serialized files (Serialized files now loaded: 0)
System memory in use before: 103.2 MB.
System memory in use after: 103.4 MB.

Unloading 9 unused Assets to reduce memory usage. Loaded Objects now: 3180.
Total: 2.589600 ms (FindLiveObjects: 0.407100 ms CreateObjectMapping: 0.146900 ms MarkObjects: 2.017000 ms  DeleteObjects: 0.017100 ms)

========================================================================
Received Import Request.
  Time since last request: 48.152570 seconds.
  path: Assets/Prefabs/Weapon/Bullet.prefab
  artifactKey: Guid(ff26a2ac919fcd343a38e4887db43e28) Importer(815301076,1909f56bfc062723c751e8b465ee728b)
Start importing Assets/Prefabs/Weapon/Bullet.prefab using Guid(ff26a2ac919fcd343a38e4887db43e28) Importer(815301076,1909f56bfc062723c751e8b465ee728b)  -> (artifact id: '957f1ff1a104e4551cfbac5990215f20') in 0.053930 seconds 
========================================================================
Received Import Request.
  Time since last request: 3.808145 seconds.
  path: Assets/Prefabs/Weapon/Bullet.prefab
  artifactKey: Guid(ff26a2ac919fcd343a38e4887db43e28) Importer(815301076,1909f56bfc062723c751e8b465ee728b)
Start importing Assets/Prefabs/Weapon/Bullet.prefab using Guid(ff26a2ac919fcd343a38e4887db43e28) Importer(815301076,1909f56bfc062723c751e8b465ee728b)  -> (artifact id: '73276005ec8b7158b355f0d2567d1377') in 0.011834 seconds 
========================================================================
Received Prepare
Registering precompiled user dll's ...
Registered in 0.002415 seconds.
Begin MonoManager ReloadAssembly
Native extension for WindowsStandalone target not found
Native extension for OSXStandalone target not found
Native extension for WebGL target not found
Refreshing native plugins compatible for Editor in 0.47 ms, found 1 plugins.
Preloading 0 native plugins for Editor in 0.00 ms.
Mono: successfully reloaded assembly
- Completed reload, in  0.978 seconds
Platform modules already initialized, skipping
Refreshing native plugins compatible for Editor in 0.52 ms, found 1 plugins.
Preloading 0 native plugins for Editor in 0.00 ms.
Unloading 2703 Unused Serialized files (Serialized files now loaded: 0)
System memory in use before: 103.2 MB.
System memory in use after: 103.4 MB.

Unloading 10 unused Assets to reduce memory usage. Loaded Objects now: 3184.
Total: 2.019600 ms (FindLiveObjects: 0.243900 ms CreateObjectMapping: 0.072300 ms MarkObjects: 1.683600 ms  DeleteObjects: 0.019000 ms)

========================================================================
Received Prepare
Registering precompiled user dll's ...
Registered in 0.002389 seconds.
Begin MonoManager ReloadAssembly
Native extension for WindowsStandalone target not found
Native extension for OSXStandalone target not found
Native extension for WebGL target not found
Refreshing native plugins compatible for Editor in 0.51 ms, found 1 plugins.
Preloading 0 native plugins for Editor in 0.00 ms.
Mono: successfully reloaded assembly
- Completed reload, in  0.940 seconds
Platform modules already initialized, skipping
Refreshing native plugins compatible for Editor in 0.47 ms, found 1 plugins.
Preloading 0 native plugins for Editor in 0.00 ms.
Unloading 2703 Unused Serialized files (Serialized files now loaded: 0)
System memory in use before: 103.2 MB.
System memory in use after: 103.4 MB.

Unloading 9 unused Assets to reduce memory usage. Loaded Objects now: 3187.
Total: 2.045500 ms (FindLiveObjects: 0.275000 ms CreateObjectMapping: 0.070100 ms MarkObjects: 1.679700 ms  DeleteObjects: 0.019700 ms)

AssetImportWorkerClient::OnTransportError - code=2 error=End of file
